e:\work\tool\serviceconfigtool\serviceconfigtool\release\vc140.pdb
e:\work\tool\serviceconfigtool\serviceconfigtool\release\simplelogger.obj
e:\work\tool\serviceconfigtool\serviceconfigtool\release\servicemanage.obj
e:\work\tool\serviceconfigtool\serviceconfigtool\release\serviceconfig.obj
e:\work\tool\serviceconfigtool\serviceconfigtool\release\pagemanage.obj
e:\work\tool\serviceconfigtool\serviceconfigtool\release\pagebaseui.obj
e:\work\tool\serviceconfigtool\serviceconfigtool\release\other.obj
e:\work\tool\serviceconfigtool\serviceconfigtool\release\msgtip.obj
e:\work\tool\serviceconfigtool\serviceconfigtool\release\mainui.obj
e:\work\tool\serviceconfigtool\serviceconfigtool\release\main.obj
e:\work\tool\serviceconfigtool\release\serviceconfigtool.exe
e:\work\tool\serviceconfigtool\release\serviceconfigtool.ipdb
e:\work\tool\serviceconfigtool\release\serviceconfigtool.iobj
e:\work\tool\serviceconfigtool\release\serviceconfigtool.pdb
e:\work\tool\serviceconfigtool\serviceconfigtool\release\serviceconfigtool.res
e:\work\tool\serviceconfigtool\serviceconfigtool\release\servicec.c48720a7.tlog\cl.command.1.tlog
e:\work\tool\serviceconfigtool\serviceconfigtool\release\servicec.c48720a7.tlog\cl.read.1.tlog
e:\work\tool\serviceconfigtool\serviceconfigtool\release\servicec.c48720a7.tlog\cl.write.1.tlog
e:\work\tool\serviceconfigtool\serviceconfigtool\release\servicec.c48720a7.tlog\link.command.1.tlog
e:\work\tool\serviceconfigtool\serviceconfigtool\release\servicec.c48720a7.tlog\link.read.1.tlog
e:\work\tool\serviceconfigtool\serviceconfigtool\release\servicec.c48720a7.tlog\link.write.1.tlog
e:\work\tool\serviceconfigtool\serviceconfigtool\release\servicec.c48720a7.tlog\rc.command.1.tlog
e:\work\tool\serviceconfigtool\serviceconfigtool\release\servicec.c48720a7.tlog\rc.read.1.tlog
e:\work\tool\serviceconfigtool\serviceconfigtool\release\servicec.c48720a7.tlog\rc.write.1.tlog
